 Start memory allocation
 Reading input data
  Initialising PENELOPE ...
  The simulation is started ...
 0.2922800E+05, 0.6001562E+02, 0.1000000E+01, 0.1000000E+01
 0.5845500E+05, 0.1197344E+03, 0.1000000E+01, 0.1000000E+01
 0.8756200E+05, 0.1793906E+03, 0.1000000E+01, 0.1000000E+01
 0.1166130E+06, 0.2391719E+03, 0.1000000E+01, 0.1000000E+01
 0.1457160E+06, 0.2989219E+03, 0.1000000E+01, 0.1000000E+01
 0.1747670E+06, 0.3586562E+03, 0.1000000E+01, 0.1000000E+01
 0.2039890E+06, 0.4183750E+03, 0.1000000E+01, 0.1000000E+01
 0.2331920E+06, 0.4780781E+03, 0.1000000E+01, 0.1000000E+01
 0.2623740E+06, 0.5377500E+03, 0.1000000E+01, 0.1000000E+01
 0.2915270E+06, 0.5975469E+03, 0.1000000E+01, 0.1000000E+01
 0.3207080E+06, 0.6573438E+03, 0.1000000E+01, 0.1000000E+01
 0.3497190E+06, 0.7171094E+03, 0.1000000E+01, 0.1000000E+01
 0.3788190E+06, 0.7768594E+03, 0.1000000E+01, 0.1000000E+01
 0.4079430E+06, 0.8365469E+03, 0.1000000E+01, 0.1000000E+01
 0.4371480E+06, 0.8963281E+03, 0.1000000E+01, 0.1000000E+01
 0.4661250E+06, 0.9560625E+03, 0.1000000E+01, 0.1000000E+01
 0.4953780E+06, 0.1015844E+04, 0.1000000E+01, 0.1000000E+01
 0.5245180E+06, 0.1075625E+04, 0.1000000E+01, 0.1000000E+01
 0.5536820E+06, 0.1135391E+04, 0.1000000E+01, 0.1000000E+01
 0.5827770E+06, 0.1195156E+04, 0.1000000E+01, 0.1000000E+01
 0.6117470E+06, 0.1254922E+04, 0.1000000E+01, 0.1000000E+01
 0.6409340E+06, 0.1314719E+04, 0.1000000E+01, 0.1000000E+01
 0.6701300E+06, 0.1374484E+04, 0.1000000E+01, 0.1000000E+01
 0.6994770E+06, 0.1434250E+04, 0.1000000E+01, 0.1000000E+01
 0.7284860E+06, 0.1494000E+04, 0.1000000E+01, 0.1000000E+01
 0.7576040E+06, 0.1553766E+04, 0.1000000E+01, 0.1000000E+01
 0.7866320E+06, 0.1613547E+04, 0.1000000E+01, 0.1000000E+01
 0.8160010E+06, 0.1673328E+04, 0.1000000E+01, 0.1000000E+01
 0.8452600E+06, 0.1733109E+04, 0.1000000E+01, 0.1000000E+01
 0.8745500E+06, 0.1792844E+04, 0.1000000E+01, 0.1000000E+01
 0.9037020E+06, 0.1852625E+04, 0.1000000E+01, 0.1000000E+01
 0.9330380E+06, 0.1912422E+04, 0.1000000E+01, 0.1000000E+01
 0.9623620E+06, 0.1972203E+04, 0.1000000E+01, 0.1000000E+01
 0.9917630E+06, 0.2031969E+04, 0.1000000E+01, 0.1000000E+01
 0.1020994E+07, 0.2091719E+04, 0.1000000E+01, 0.1000000E+01
 0.1050329E+07, 0.2151500E+04, 0.1000000E+01, 0.1000000E+01
 0.1079510E+07, 0.2211281E+04, 0.1000000E+01, 0.1000000E+01
 0.1108717E+07, 0.2271031E+04, 0.1000000E+01, 0.1000000E+01
 0.1137997E+07, 0.2330797E+04, 0.1000000E+01, 0.1000000E+01
 0.1167093E+07, 0.2390594E+04, 0.1000000E+01, 0.1000000E+01
 0.1196351E+07, 0.2450375E+04, 0.1000000E+01, 0.1000000E+01
 0.1225498E+07, 0.2510141E+04, 0.1000000E+01, 0.1000000E+01
 0.1254642E+07, 0.2569922E+04, 0.1000000E+01, 0.1000000E+01
 0.1283827E+07, 0.2629672E+04, 0.1000000E+01, 0.1000000E+01
 0.1313086E+07, 0.2689375E+04, 0.1000000E+01, 0.1000000E+01
 0.1342222E+07, 0.2749172E+04, 0.1000000E+01, 0.1000000E+01
 0.1371442E+07, 0.2808969E+04, 0.1000000E+01, 0.1000000E+01
 0.1400549E+07, 0.2868750E+04, 0.1000000E+01, 0.1000000E+01
 0.1429803E+07, 0.2928516E+04, 0.1000000E+01, 0.1000000E+01
 0.1459046E+07, 0.2988297E+04, 0.1000000E+01, 0.1000000E+01
 0.1488301E+07, 0.3048047E+04, 0.1000000E+01, 0.1000000E+01
 0.1517357E+07, 0.3107828E+04, 0.1000000E+01, 0.1000000E+01
 0.1546570E+07, 0.3167625E+04, 0.1000000E+01, 0.1000000E+01
 0.1575733E+07, 0.3227406E+04, 0.1000000E+01, 0.1000000E+01
 0.1604864E+07, 0.3287172E+04, 0.1000000E+01, 0.1000000E+01
 0.1634010E+07, 0.3346953E+04, 0.1000000E+01, 0.1000000E+01
 0.1663204E+07, 0.3406719E+04, 0.1000000E+01, 0.1000000E+01
 0.1692475E+07, 0.3466453E+04, 0.1000000E+01, 0.1000000E+01
 0.1721767E+07, 0.3526203E+04, 0.1000000E+01, 0.1000000E+01
 0.1751043E+07, 0.3585938E+04, 0.1000000E+01, 0.1000000E+01
 0.1780213E+07, 0.3645719E+04, 0.1000000E+01, 0.1000000E+01
 0.1809407E+07, 0.3705500E+04, 0.1000000E+01, 0.1000000E+01
 0.1838671E+07, 0.3765234E+04, 0.1000000E+01, 0.1000000E+01
 0.1867841E+07, 0.3825016E+04, 0.1000000E+01, 0.1000000E+01
 0.1897127E+07, 0.3884797E+04, 0.1000000E+01, 0.1000000E+01
 0.1926281E+07, 0.3944578E+04, 0.1000000E+01, 0.1000000E+01
 0.1955465E+07, 0.4004359E+04, 0.1000000E+01, 0.1000000E+01
 0.1984694E+07, 0.4064141E+04, 0.1000000E+01, 0.1000000E+01
 0.2013862E+07, 0.4123922E+04, 0.1000000E+01, 0.1000000E+01
 0.2042565E+07, 0.4183625E+04, 0.1000000E+01, 0.1000000E+01
 0.2071797E+07, 0.4243391E+04, 0.1000000E+01, 0.1000000E+01
 0.2101076E+07, 0.4303188E+04, 0.1000000E+01, 0.1000000E+01
 0.2130201E+07, 0.4362969E+04, 0.1000000E+01, 0.1000000E+01
 0.2159135E+07, 0.4422766E+04, 0.1000000E+01, 0.1000000E+01
 0.2188232E+07, 0.4482547E+04, 0.1000000E+01, 0.1000000E+01
 0.2217328E+07, 0.4542297E+04, 0.1000000E+01, 0.1000000E+01
 0.2246558E+07, 0.4602094E+04, 0.1000000E+01, 0.1000000E+01
 0.2275848E+07, 0.4661875E+04, 0.1000000E+01, 0.1000000E+01
 0.2305022E+07, 0.4721656E+04, 0.1000000E+01, 0.1000000E+01
 0.2333932E+07, 0.4781328E+04, 0.1000000E+01, 0.1000000E+01
 0.2363047E+07, 0.4841125E+04, 0.1000000E+01, 0.1000000E+01
 0.2392048E+07, 0.4900891E+04, 0.1000000E+01, 0.1000000E+01
 0.2421234E+07, 0.4960656E+04, 0.1000000E+01, 0.1000000E+01
 0.2450465E+07, 0.5020359E+04, 0.1000000E+01, 0.1000000E+01
 0.2479774E+07, 0.5080109E+04, 0.1000000E+01, 0.1000000E+01
 0.2508942E+07, 0.5139875E+04, 0.1000000E+01, 0.1000000E+01
 0.2538297E+07, 0.5199656E+04, 0.1000000E+01, 0.1000000E+01
 0.2567649E+07, 0.5259391E+04, 0.1000000E+01, 0.1000000E+01
 0.2596754E+07, 0.5319141E+04, 0.1000000E+01, 0.1000000E+01
 0.2625888E+07, 0.5378922E+04, 0.1000000E+01, 0.1000000E+01
 0.2654955E+07, 0.5438672E+04, 0.1000000E+01, 0.1000000E+01
 0.2684185E+07, 0.5498438E+04, 0.1000000E+01, 0.1000000E+01
 0.2713383E+07, 0.5558141E+04, 0.1000000E+01, 0.1000000E+01
 0.2742573E+07, 0.5617938E+04, 0.1000000E+01, 0.1000000E+01
 0.2771803E+07, 0.5677703E+04, 0.1000000E+01, 0.1000000E+01
 0.2800838E+07, 0.5737500E+04, 0.1000000E+01, 0.1000000E+01
 0.2829914E+07, 0.5797266E+04, 0.1000000E+01, 0.1000000E+01
 0.2859132E+07, 0.5857062E+04, 0.1000000E+01, 0.1000000E+01
 0.2888419E+07, 0.5916844E+04, 0.1000000E+01, 0.1000000E+01
 0.2917520E+07, 0.5976594E+04, 0.1000000E+01, 0.1000000E+01
 0.2946785E+07, 0.6036312E+04, 0.1000000E+01, 0.1000000E+01
 0.2975886E+07, 0.6096000E+04, 0.1000000E+01, 0.1000000E+01
 0.3005081E+07, 0.6155750E+04, 0.1000000E+01, 0.1000000E+01
 0.3034445E+07, 0.6215516E+04, 0.1000000E+01, 0.1000000E+01
 0.3063634E+07, 0.6275312E+04, 0.1000000E+01, 0.1000000E+01
 0.3092730E+07, 0.6335094E+04, 0.1000000E+01, 0.1000000E+01
 0.3121802E+07, 0.6394875E+04, 0.1000000E+01, 0.1000000E+01
 0.3151029E+07, 0.6454641E+04, 0.1000000E+01, 0.1000000E+01
 0.3180162E+07, 0.6514422E+04, 0.1000000E+01, 0.1000000E+01
 0.3209187E+07, 0.6574094E+04, 0.1000000E+01, 0.1000000E+01
 0.3238458E+07, 0.6633875E+04, 0.1000000E+01, 0.1000000E+01
 0.3267629E+07, 0.6693672E+04, 0.1000000E+01, 0.1000000E+01
 0.3296740E+07, 0.6753453E+04, 0.1000000E+01, 0.1000000E+01
 0.3325697E+07, 0.6813188E+04, 0.1000000E+01, 0.1000000E+01
 0.3354933E+07, 0.6872875E+04, 0.1000000E+01, 0.1000000E+01
 0.3384088E+07, 0.6932672E+04, 0.1000000E+01, 0.1000000E+01
 0.3413265E+07, 0.6992453E+04, 0.1000000E+01, 0.1000000E+01
 0.3442332E+07, 0.7052250E+04, 0.1000000E+01, 0.1000000E+01
 0.3471641E+07, 0.7112047E+04, 0.1000000E+01, 0.1000000E+01
 0.3500865E+07, 0.7171781E+04, 0.1000000E+01, 0.1000000E+01
 0.3530078E+07, 0.7231578E+04, 0.1000000E+01, 0.1000000E+01
 0.3559306E+07, 0.7291297E+04, 0.1000000E+01, 0.1000000E+01
 0.3588466E+07, 0.7351094E+04, 0.1000000E+01, 0.1000000E+01
 0.3617607E+07, 0.7410844E+04, 0.1000000E+01, 0.1000000E+01
 0.3646943E+07, 0.7470625E+04, 0.1000000E+01, 0.1000000E+01
 0.3676144E+07, 0.7530406E+04, 0.1000000E+01, 0.1000000E+01
 0.3705309E+07, 0.7590109E+04, 0.1000000E+01, 0.1000000E+01
 0.3734524E+07, 0.7649906E+04, 0.1000000E+01, 0.1000000E+01
 0.3763519E+07, 0.7709625E+04, 0.1000000E+01, 0.1000000E+01
 0.3792582E+07, 0.7769422E+04, 0.1000000E+01, 0.1000000E+01
 0.3821760E+07, 0.7829203E+04, 0.1000000E+01, 0.1000000E+01
 0.3851019E+07, 0.7888984E+04, 0.1000000E+01, 0.1000000E+01
 0.3880309E+07, 0.7948766E+04, 0.1000000E+01, 0.1000000E+01
 0.3909516E+07, 0.8008547E+04, 0.1000000E+01, 0.1000000E+01
 0.3938767E+07, 0.8068328E+04, 0.1000000E+01, 0.1000000E+01
 0.3968084E+07, 0.8128109E+04, 0.1000000E+01, 0.1000000E+01
 0.3997355E+07, 0.8187891E+04, 0.1000000E+01, 0.1000000E+01
 0.4026731E+07, 0.8247672E+04, 0.1000000E+01, 0.1000000E+01
 0.4055919E+07, 0.8307422E+04, 0.1000000E+01, 0.1000000E+01
 0.4085081E+07, 0.8367188E+04, 0.1000000E+01, 0.1000000E+01
 0.4114237E+07, 0.8426938E+04, 0.1000000E+01, 0.1000000E+01
 0.4143384E+07, 0.8486656E+04, 0.1000000E+01, 0.1000000E+01
 0.4172682E+07, 0.8546375E+04, 0.1000000E+01, 0.1000000E+01
 0.4201791E+07, 0.8606156E+04, 0.1000000E+01, 0.1000000E+01
 0.4230962E+07, 0.8665938E+04, 0.1000000E+01, 0.1000000E+01
 0.4260134E+07, 0.8725656E+04, 0.1000000E+01, 0.1000000E+01
 0.4289225E+07, 0.8785406E+04, 0.1000000E+01, 0.1000000E+01
 0.4318428E+07, 0.8845156E+04, 0.1000000E+01, 0.1000000E+01
 0.4347772E+07, 0.8904938E+04, 0.1000000E+01, 0.1000000E+01
 0.4376927E+07, 0.8964625E+04, 0.1000000E+01, 0.1000000E+01
 0.4406408E+07, 0.9024406E+04, 0.1000000E+01, 0.1000000E+01
 0.4435644E+07, 0.9084188E+04, 0.1000000E+01, 0.1000000E+01
 0.4464942E+07, 0.9143969E+04, 0.1000000E+01, 0.1000000E+01
 0.4494239E+07, 0.9203750E+04, 0.1000000E+01, 0.1000000E+01
 0.4523484E+07, 0.9263500E+04, 0.1000000E+01, 0.1000000E+01
 0.4552608E+07, 0.9323172E+04, 0.1000000E+01, 0.1000000E+01
 0.4581607E+07, 0.9382938E+04, 0.1000000E+01, 0.1000000E+01
 0.4610849E+07, 0.9442719E+04, 0.1000000E+01, 0.1000000E+01
 0.4639938E+07, 0.9502422E+04, 0.1000000E+01, 0.1000000E+01
 0.4669126E+07, 0.9562203E+04, 0.1000000E+01, 0.1000000E+01
 0.4698320E+07, 0.9622000E+04, 0.1000000E+01, 0.1000000E+01
 0.4727567E+07, 0.9681781E+04, 0.1000000E+01, 0.1000000E+01
 0.4756637E+07, 0.9741547E+04, 0.1000000E+01, 0.1000000E+01
 0.4785742E+07, 0.9801250E+04, 0.1000000E+01, 0.1000000E+01
 0.4814842E+07, 0.9861000E+04, 0.1000000E+01, 0.1000000E+01
 0.4844004E+07, 0.9920781E+04, 0.1000000E+01, 0.1000000E+01
 0.4873234E+07, 0.9980562E+04, 0.1000000E+01, 0.1000000E+01
 0.4902430E+07, 0.1004034E+05, 0.1000000E+01, 0.1000000E+01
 0.4931565E+07, 0.1010012E+05, 0.1000000E+01, 0.1000000E+01
 0.4960934E+07, 0.1015992E+05, 0.1000000E+01, 0.1000000E+01
 0.4990224E+07, 0.1021966E+05, 0.1000000E+01, 0.1000000E+01
 0.5019481E+07, 0.1027942E+05, 0.1000000E+01, 0.1000000E+01
 0.5048671E+07, 0.1033920E+05, 0.1000000E+01, 0.1000000E+01
 0.5077832E+07, 0.1039898E+05, 0.1000000E+01, 0.1000000E+01
 0.5107059E+07, 0.1045875E+05, 0.1000000E+01, 0.1000000E+01
 0.5136173E+07, 0.1051855E+05, 0.1000000E+01, 0.1000000E+01
 0.5165420E+07, 0.1057828E+05, 0.1000000E+01, 0.1000000E+01
 0.5194659E+07, 0.1063805E+05, 0.1000000E+01, 0.1000000E+01
 0.5223789E+07, 0.1069783E+05, 0.1000000E+01, 0.1000000E+01
 0.5253084E+07, 0.1075761E+05, 0.1000000E+01, 0.1000000E+01
 0.5282108E+07, 0.1081741E+05, 0.1000000E+01, 0.1000000E+01
 0.5311186E+07, 0.1087714E+05, 0.1000000E+01, 0.1000000E+01
 0.5340299E+07, 0.1093688E+05, 0.1000000E+01, 0.1000000E+01
 0.5369521E+07, 0.1099664E+05, 0.1000000E+01, 0.1000000E+01
 0.5398729E+07, 0.1105644E+05, 0.1000000E+01, 0.1000000E+01
 0.5427817E+07, 0.1111622E+05, 0.1000000E+01, 0.1000000E+01
 0.5456769E+07, 0.1117597E+05, 0.1000000E+01, 0.1000000E+01
 0.5485983E+07, 0.1123573E+05, 0.1000000E+01, 0.1000000E+01
 0.5515348E+07, 0.1129552E+05, 0.1000000E+01, 0.1000000E+01
 0.5543996E+07, 0.1135517E+05, 0.1000000E+01, 0.1000000E+01
 0.5573162E+07, 0.1141497E+05, 0.1000000E+01, 0.1000000E+01
 0.5602314E+07, 0.1147461E+05, 0.1000000E+01, 0.1000000E+01
 0.5631536E+07, 0.1153434E+05, 0.1000000E+01, 0.1000000E+01
 0.5660683E+07, 0.1159412E+05, 0.1000000E+01, 0.1000000E+01
 0.5689856E+07, 0.1165392E+05, 0.1000000E+01, 0.1000000E+01
 0.5718940E+07, 0.1171367E+05, 0.1000000E+01, 0.1000000E+01
 0.5748173E+07, 0.1177341E+05, 0.1000000E+01, 0.1000000E+01
 0.5777363E+07, 0.1183312E+05, 0.1000000E+01, 0.1000000E+01
 0.5806429E+07, 0.1189289E+05, 0.1000000E+01, 0.1000000E+01
 0.5835607E+07, 0.1195267E+05, 0.1000000E+01, 0.1000000E+01
 0.5864651E+07, 0.1201247E+05, 0.1000000E+01, 0.1000000E+01
 0.5893585E+07, 0.1207223E+05, 0.1000000E+01, 0.1000000E+01
 0.5922686E+07, 0.1213203E+05, 0.1000000E+01, 0.1000000E+01
 0.5951767E+07, 0.1219183E+05, 0.1000000E+01, 0.1000000E+01
 0.5980920E+07, 0.1225155E+05, 0.1000000E+01, 0.1000000E+01
 0.6009990E+07, 0.1231131E+05, 0.1000000E+01, 0.1000000E+01
 0.6038994E+07, 0.1237095E+05, 0.1000000E+01, 0.1000000E+01
 0.6068091E+07, 0.1243075E+05, 0.1000000E+01, 0.1000000E+01
 0.6097098E+07, 0.1249050E+05, 0.1000000E+01, 0.1000000E+01
 0.6126184E+07, 0.1255022E+05, 0.1000000E+01, 0.1000000E+01
 0.6155381E+07, 0.1260994E+05, 0.1000000E+01, 0.1000000E+01
 0.6184513E+07, 0.1266962E+05, 0.1000000E+01, 0.1000000E+01
 0.6213751E+07, 0.1272939E+05, 0.1000000E+01, 0.1000000E+01
 0.6242969E+07, 0.1278917E+05, 0.1000000E+01, 0.1000000E+01
 0.6272149E+07, 0.1284892E+05, 0.1000000E+01, 0.1000000E+01
 0.6301431E+07, 0.1290869E+05, 0.1000000E+01, 0.1000000E+01
 0.6330513E+07, 0.1296842E+05, 0.1000000E+01, 0.1000000E+01
 0.6359746E+07, 0.1302822E+05, 0.1000000E+01, 0.1000000E+01
 0.6388792E+07, 0.1308802E+05, 0.1000000E+01, 0.1000000E+01
 0.6417969E+07, 0.1314778E+05, 0.1000000E+01, 0.1000000E+01
 0.6447239E+07, 0.1320756E+05, 0.1000000E+01, 0.1000000E+01
 0.6476493E+07, 0.1326722E+05, 0.1000000E+01, 0.1000000E+01
 0.6505585E+07, 0.1332695E+05, 0.1000000E+01, 0.1000000E+01
 0.6534629E+07, 0.1338672E+05, 0.1000000E+01, 0.1000000E+01
 0.6563861E+07, 0.1344642E+05, 0.1000000E+01, 0.1000000E+01
 0.6593012E+07, 0.1350620E+05, 0.1000000E+01, 0.1000000E+01
 0.6622089E+07, 0.1356598E+05, 0.1000000E+01, 0.1000000E+01
 0.6651160E+07, 0.1362572E+05, 0.1000000E+01, 0.1000000E+01
 0.6680324E+07, 0.1368548E+05, 0.1000000E+01, 0.1000000E+01
 0.6709336E+07, 0.1374506E+05, 0.1000000E+01, 0.1000000E+01
 0.6738302E+07, 0.1380481E+05, 0.1000000E+01, 0.1000000E+01
 0.6767402E+07, 0.1386456E+05, 0.1000000E+01, 0.1000000E+01
 0.6796544E+07, 0.1392433E+05, 0.1000000E+01, 0.1000000E+01
 0.6825945E+07, 0.1398408E+05, 0.1000000E+01, 0.1000000E+01
 0.6855169E+07, 0.1404378E+05, 0.1000000E+01, 0.1000000E+01
 0.6884482E+07, 0.1410358E+05, 0.1000000E+01, 0.1000000E+01
 0.6913763E+07, 0.1416334E+05, 0.1000000E+01, 0.1000000E+01
 0.6943050E+07, 0.1422314E+05, 0.1000000E+01, 0.1000000E+01
 0.6972241E+07, 0.1428289E+05, 0.1000000E+01, 0.1000000E+01
 0.7001450E+07, 0.1434267E+05, 0.1000000E+01, 0.1000000E+01
 0.7030724E+07, 0.1440241E+05, 0.1000000E+01, 0.1000000E+01
 0.7059909E+07, 0.1446220E+05, 0.1000000E+01, 0.1000000E+01
 0.7088955E+07, 0.1452194E+05, 0.1000000E+01, 0.1000000E+01
 0.7118093E+07, 0.1458172E+05, 0.1000000E+01, 0.1000000E+01
 0.7147315E+07, 0.1464152E+05, 0.1000000E+01, 0.1000000E+01
 0.7176454E+07, 0.1470125E+05, 0.1000000E+01, 0.1000000E+01
 0.7205453E+07, 0.1476103E+05, 0.1000000E+01, 0.1000000E+01
 0.7234570E+07, 0.1482083E+05, 0.1000000E+01, 0.1000000E+01
 0.7263676E+07, 0.1488053E+05, 0.1000000E+01, 0.1000000E+01
 0.7292595E+07, 0.1494025E+05, 0.1000000E+01, 0.1000000E+01
 0.7321894E+07, 0.1500000E+05, 0.1000000E+01, 0.1000000E+01
 0.7351170E+07, 0.1505980E+05, 0.1000000E+01, 0.1000000E+01
 0.7380373E+07, 0.1511948E+05, 0.1000000E+01, 0.1000000E+01
 0.7409645E+07, 0.1517927E+05, 0.1000000E+01, 0.1000000E+01
 0.7438741E+07, 0.1523905E+05, 0.1000000E+01, 0.1000000E+01
 0.7467927E+07, 0.1529883E+05, 0.1000000E+01, 0.1000000E+01
 0.7497143E+07, 0.1535856E+05, 0.1000000E+01, 0.1000000E+01
 0.7526330E+07, 0.1541834E+05, 0.1000000E+01, 0.1000000E+01
 0.7555448E+07, 0.1547814E+05, 0.1000000E+01, 0.1000000E+01
 0.7584619E+07, 0.1553791E+05, 0.1000000E+01, 0.1000000E+01
 0.7613817E+07, 0.1559764E+05, 0.1000000E+01, 0.1000000E+01
 0.7642831E+07, 0.1565739E+05, 0.1000000E+01, 0.1000000E+01
 0.7671996E+07, 0.1571719E+05, 0.1000000E+01, 0.1000000E+01
 0.7701133E+07, 0.1577697E+05, 0.1000000E+01, 0.1000000E+01
 0.7730286E+07, 0.1583677E+05, 0.1000000E+01, 0.1000000E+01
 0.7759633E+07, 0.1589655E+05, 0.1000000E+01, 0.1000000E+01
 0.7788763E+07, 0.1595633E+05, 0.1000000E+01, 0.1000000E+01
 0.7817916E+07, 0.1601602E+05, 0.1000000E+01, 0.1000000E+01
 0.7846919E+07, 0.1607573E+05, 0.1000000E+01, 0.1000000E+01
 0.7876175E+07, 0.1613552E+05, 0.1000000E+01, 0.1000000E+01
 0.7905299E+07, 0.1619527E+05, 0.1000000E+01, 0.1000000E+01
 0.7934606E+07, 0.1625505E+05, 0.1000000E+01, 0.1000000E+01
 0.7963809E+07, 0.1631480E+05, 0.1000000E+01, 0.1000000E+01
 0.7992957E+07, 0.1637450E+05, 0.1000000E+01, 0.1000000E+01
 0.8022232E+07, 0.1643408E+05, 0.1000000E+01, 0.1000000E+01
 0.8051366E+07, 0.1649384E+05, 0.1000000E+01, 0.1000000E+01
 0.8080466E+07, 0.1655361E+05, 0.1000000E+01, 0.1000000E+01
 0.8109578E+07, 0.1661339E+05, 0.1000000E+01, 0.1000000E+01
 0.8138847E+07, 0.1667316E+05, 0.1000000E+01, 0.1000000E+01
 0.8167934E+07, 0.1673294E+05, 0.1000000E+01, 0.1000000E+01
 0.8197230E+07, 0.1679273E+05, 0.1000000E+01, 0.1000000E+01
 0.8226373E+07, 0.1685252E+05, 0.1000000E+01, 0.1000000E+01
 0.8255674E+07, 0.1691225E+05, 0.1000000E+01, 0.1000000E+01
 0.8284781E+07, 0.1697200E+05, 0.1000000E+01, 0.1000000E+01
 0.8313933E+07, 0.1703173E+05, 0.1000000E+01, 0.1000000E+01
 0.8343171E+07, 0.1709141E+05, 0.1000000E+01, 0.1000000E+01
 0.8372229E+07, 0.1715116E+05, 0.1000000E+01, 0.1000000E+01
 0.8401315E+07, 0.1721094E+05, 0.1000000E+01, 0.1000000E+01
 0.8430483E+07, 0.1727070E+05, 0.1000000E+01, 0.1000000E+01
 0.8459808E+07, 0.1733050E+05, 0.1000000E+01, 0.1000000E+01
 0.8488957E+07, 0.1739028E+05, 0.1000000E+01, 0.1000000E+01
 0.8517967E+07, 0.1745002E+05, 0.1000000E+01, 0.1000000E+01
 0.8547132E+07, 0.1750977E+05, 0.1000000E+01, 0.1000000E+01
 0.8576188E+07, 0.1756952E+05, 0.1000000E+01, 0.1000000E+01
 0.8605054E+07, 0.1762925E+05, 0.1000000E+01, 0.1000000E+01
 0.8634022E+07, 0.1768903E+05, 0.1000000E+01, 0.1000000E+01
 0.8663180E+07, 0.1774870E+05, 0.1000000E+01, 0.1000000E+01
 0.8692418E+07, 0.1780841E+05, 0.1000000E+01, 0.1000000E+01
 0.8721590E+07, 0.1786820E+05, 0.1000000E+01, 0.1000000E+01
 0.8750785E+07, 0.1792795E+05, 0.1000000E+01, 0.1000000E+01
 0.8779971E+07, 0.1798775E+05, 0.1000000E+01, 0.1000000E+01
 0.8809117E+07, 0.1804753E+05, 0.1000000E+01, 0.1000000E+01
 0.8838260E+07, 0.1810731E+05, 0.1000000E+01, 0.1000000E+01
 0.8867455E+07, 0.1816709E+05, 0.1000000E+01, 0.1000000E+01
 0.8896645E+07, 0.1822684E+05, 0.1000000E+01, 0.1000000E+01
 0.8925946E+07, 0.1828664E+05, 0.1000000E+01, 0.1000000E+01
 0.8954768E+07, 0.1834638E+05, 0.1000000E+01, 0.1000000E+01
 0.8984001E+07, 0.1840617E+05, 0.1000000E+01, 0.1000000E+01
 0.9013216E+07, 0.1846595E+05, 0.1000000E+01, 0.1000000E+01
 0.9042072E+07, 0.1852566E+05, 0.1000000E+01, 0.1000000E+01
 0.9071269E+07, 0.1858544E+05, 0.1000000E+01, 0.1000000E+01
 0.9100428E+07, 0.1864520E+05, 0.1000000E+01, 0.1000000E+01
 0.9129647E+07, 0.1870498E+05, 0.1000000E+01, 0.1000000E+01
 0.9158755E+07, 0.1876477E+05, 0.1000000E+01, 0.1000000E+01
 0.9188119E+07, 0.1882456E+05, 0.1000000E+01, 0.1000000E+01
 0.9217240E+07, 0.1888430E+05, 0.1000000E+01, 0.1000000E+01
 0.9246581E+07, 0.1894408E+05, 0.1000000E+01, 0.1000000E+01
 0.9275774E+07, 0.1900383E+05, 0.1000000E+01, 0.1000000E+01
 0.9304975E+07, 0.1906355E+05, 0.1000000E+01, 0.1000000E+01
 0.9334094E+07, 0.1912334E+05, 0.1000000E+01, 0.1000000E+01
 0.9363182E+07, 0.1918306E+05, 0.1000000E+01, 0.1000000E+01
 0.9392492E+07, 0.1924286E+05, 0.1000000E+01, 0.1000000E+01
 0.9421668E+07, 0.1930264E+05, 0.1000000E+01, 0.1000000E+01
 0.9450816E+07, 0.1936241E+05, 0.1000000E+01, 0.1000000E+01
 0.9480116E+07, 0.1942219E+05, 0.1000000E+01, 0.1000000E+01
 0.9509348E+07, 0.1948191E+05, 0.1000000E+01, 0.1000000E+01
 0.9538512E+07, 0.1954162E+05, 0.1000000E+01, 0.1000000E+01
 0.9567675E+07, 0.1960141E+05, 0.1000000E+01, 0.1000000E+01
 0.9596690E+07, 0.1966105E+05, 0.1000000E+01, 0.1000000E+01
 0.9625974E+07, 0.1972069E+05, 0.1000000E+01, 0.1000000E+01
 0.9655168E+07, 0.1978047E+05, 0.1000000E+01, 0.1000000E+01
 0.9684381E+07, 0.1984025E+05, 0.1000000E+01, 0.1000000E+01
 0.9713494E+07, 0.1990003E+05, 0.1000000E+01, 0.1000000E+01
 0.9742712E+07, 0.1995983E+05, 0.1000000E+01, 0.1000000E+01
 0.9771827E+07, 0.2001959E+05, 0.1000000E+01, 0.1000000E+01
 0.9801252E+07, 0.2007938E+05, 0.1000000E+01, 0.1000000E+01
 0.9830413E+07, 0.2013912E+05, 0.1000000E+01, 0.1000000E+01
 0.9859611E+07, 0.2019883E+05, 0.1000000E+01, 0.1000000E+01
 0.9888720E+07, 0.2025858E+05, 0.1000000E+01, 0.1000000E+01
 0.9917832E+07, 0.2031836E+05, 0.1000000E+01, 0.1000000E+01
 0.9947166E+07, 0.2037814E+05, 0.1000000E+01, 0.1000000E+01
 0.9976438E+07, 0.2043792E+05, 0.1000000E+01, 0.1000000E+01
 0.1000580E+08, 0.2049772E+05, 0.1000000E+01, 0.1000000E+01
 0.1003499E+08, 0.2055739E+05, 0.1000000E+01, 0.1000000E+01
 0.1006392E+08, 0.2061717E+05, 0.1000000E+01, 0.1000000E+01
 0.1009313E+08, 0.2067683E+05, 0.1000000E+01, 0.1000000E+01
 0.1012231E+08, 0.2073653E+05, 0.1000000E+01, 0.1000000E+01
 0.1015153E+08, 0.2079633E+05, 0.1000000E+01, 0.1000000E+01
 0.1018077E+08, 0.2085611E+05, 0.1000000E+01, 0.1000000E+01
 0.1021003E+08, 0.2091580E+05, 0.1000000E+01, 0.1000000E+01
 0.1023940E+08, 0.2097552E+05, 0.1000000E+01, 0.1000000E+01
 0.1026850E+08, 0.2103530E+05, 0.1000000E+01, 0.1000000E+01
 0.1029764E+08, 0.2109509E+05, 0.1000000E+01, 0.1000000E+01
 0.1032668E+08, 0.2115488E+05, 0.1000000E+01, 0.1000000E+01
 0.1035590E+08, 0.2121467E+05, 0.1000000E+01, 0.1000000E+01
 0.1038499E+08, 0.2127444E+05, 0.1000000E+01, 0.1000000E+01
 0.1041421E+08, 0.2133422E+05, 0.1000000E+01, 0.1000000E+01
 0.1044340E+08, 0.2139392E+05, 0.1000000E+01, 0.1000000E+01
 0.1047256E+08, 0.2145369E+05, 0.1000000E+01, 0.1000000E+01
 0.1050181E+08, 0.2151344E+05, 0.1000000E+01, 0.1000000E+01
 0.1053088E+08, 0.2157314E+05, 0.1000000E+01, 0.1000000E+01
 0.1056012E+08, 0.2163292E+05, 0.1000000E+01, 0.1000000E+01
 0.1058932E+08, 0.2169270E+05, 0.1000000E+01, 0.1000000E+01
 0.1061857E+08, 0.2175250E+05, 0.1000000E+01, 0.1000000E+01
 0.1064780E+08, 0.2181212E+05, 0.1000000E+01, 0.1000000E+01
 0.1067680E+08, 0.2187184E+05, 0.1000000E+01, 0.1000000E+01
 0.1070590E+08, 0.2193161E+05, 0.1000000E+01, 0.1000000E+01
 0.1073498E+08, 0.2199141E+05, 0.1000000E+01, 0.1000000E+01
 0.1076404E+08, 0.2205117E+05, 0.1000000E+01, 0.1000000E+01
 0.1079287E+08, 0.2211077E+05, 0.1000000E+01, 0.1000000E+01
 0.1082189E+08, 0.2217042E+05, 0.1000000E+01, 0.1000000E+01
 0.1085099E+08, 0.2223011E+05, 0.1000000E+01, 0.1000000E+01
 0.1088010E+08, 0.2228989E+05, 0.1000000E+01, 0.1000000E+01
 0.1090931E+08, 0.2234966E+05, 0.1000000E+01, 0.1000000E+01
 0.1093835E+08, 0.2240939E+05, 0.1000000E+01, 0.1000000E+01
 0.1096753E+08, 0.2246917E+05, 0.1000000E+01, 0.1000000E+01
 0.1099649E+08, 0.2252892E+05, 0.1000000E+01, 0.1000000E+01
 0.1102541E+08, 0.2258866E+05, 0.1000000E+01, 0.1000000E+01
 0.1105460E+08, 0.2264842E+05, 0.1000000E+01, 0.1000000E+01
 0.1108359E+08, 0.2270822E+05, 0.1000000E+01, 0.1000000E+01
 0.1111275E+08, 0.2276789E+05, 0.1000000E+01, 0.1000000E+01
 0.1114178E+08, 0.2282767E+05, 0.1000000E+01, 0.1000000E+01
 0.1117098E+08, 0.2288745E+05, 0.1000000E+01, 0.1000000E+01
 0.1120019E+08, 0.2294722E+05, 0.1000000E+01, 0.1000000E+01
 0.1122928E+08, 0.2300698E+05, 0.1000000E+01, 0.1000000E+01
 0.1125838E+08, 0.2306669E+05, 0.1000000E+01, 0.1000000E+01
 0.1128753E+08, 0.2312639E+05, 0.1000000E+01, 0.1000000E+01
 0.1131676E+08, 0.2318600E+05, 0.1000000E+01, 0.1000000E+01
 0.1134596E+08, 0.2324578E+05, 0.1000000E+01, 0.1000000E+01
 0.1137499E+08, 0.2330558E+05, 0.1000000E+01, 0.1000000E+01
 0.1140406E+08, 0.2336531E+05, 0.1000000E+01, 0.1000000E+01
 0.1143318E+08, 0.2342511E+05, 0.1000000E+01, 0.1000000E+01
 0.1146233E+08, 0.2348484E+05, 0.1000000E+01, 0.1000000E+01
 0.1149140E+08, 0.2354461E+05, 0.1000000E+01, 0.1000000E+01
 0.1152061E+08, 0.2360436E+05, 0.1000000E+01, 0.1000000E+01
 0.1154982E+08, 0.2366416E+05, 0.1000000E+01, 0.1000000E+01
 0.1157889E+08, 0.2372388E+05, 0.1000000E+01, 0.1000000E+01
 0.1160783E+08, 0.2378355E+05, 0.1000000E+01, 0.1000000E+01
 0.1163698E+08, 0.2384328E+05, 0.1000000E+01, 0.1000000E+01
 0.1166608E+08, 0.2390303E+05, 0.1000000E+01, 0.1000000E+01
 0.1169517E+08, 0.2396278E+05, 0.1000000E+01, 0.1000000E+01
 0.1172414E+08, 0.2402250E+05, 0.1000000E+01, 0.1000000E+01
 0.1175324E+08, 0.2408225E+05, 0.1000000E+01, 0.1000000E+01
 0.1178233E+08, 0.2414198E+05, 0.1000000E+01, 0.1000000E+01
 0.1181145E+08, 0.2420173E+05, 0.1000000E+01, 0.1000000E+01
 0.1184057E+08, 0.2426152E+05, 0.1000000E+01, 0.1000000E+01
 0.1186961E+08, 0.2432127E+05, 0.1000000E+01, 0.1000000E+01
 0.1189878E+08, 0.2438102E+05, 0.1000000E+01, 0.1000000E+01
 0.1192806E+08, 0.2444080E+05, 0.1000000E+01, 0.1000000E+01
 0.1195723E+08, 0.2450059E+05, 0.1000000E+01, 0.1000000E+01
 0.1198643E+08, 0.2456033E+05, 0.1000000E+01, 0.1000000E+01
 0.1201570E+08, 0.2462005E+05, 0.1000000E+01, 0.1000000E+01
 0.1204486E+08, 0.2467970E+05, 0.1000000E+01, 0.1000000E+01
 0.1207394E+08, 0.2473945E+05, 0.1000000E+01, 0.1000000E+01
 0.1210311E+08, 0.2479914E+05, 0.1000000E+01, 0.1000000E+01
 0.1213228E+08, 0.2485884E+05, 0.1000000E+01, 0.1000000E+01
 0.1216142E+08, 0.2491855E+05, 0.1000000E+01, 0.1000000E+01
 0.1219044E+08, 0.2497817E+05, 0.1000000E+01, 0.1000000E+01
 0.1221954E+08, 0.2503789E+05, 0.1000000E+01, 0.1000000E+01
 0.1224862E+08, 0.2509761E+05, 0.1000000E+01, 0.1000000E+01
 0.1227763E+08, 0.2515739E+05, 0.1000000E+01, 0.1000000E+01
 0.1230686E+08, 0.2521717E+05, 0.1000000E+01, 0.1000000E+01
 0.1233606E+08, 0.2527691E+05, 0.1000000E+01, 0.1000000E+01
 0.1236515E+08, 0.2533669E+05, 0.1000000E+01, 0.1000000E+01
 0.1239415E+08, 0.2539641E+05, 0.1000000E+01, 0.1000000E+01
 0.1242332E+08, 0.2545614E+05, 0.1000000E+01, 0.1000000E+01
 0.1245183E+08, 0.2551580E+05, 0.1000000E+01, 0.1000000E+01
 0.1248055E+08, 0.2557544E+05, 0.1000000E+01, 0.1000000E+01
 0.1250823E+08, 0.2563517E+05, 0.1000000E+01, 0.1000000E+01
 0.1253674E+08, 0.2569495E+05, 0.1000000E+01, 0.1000000E+01
 0.1256567E+08, 0.2575473E+05, 0.1000000E+01, 0.1000000E+01
 0.1259483E+08, 0.2581448E+05, 0.1000000E+01, 0.1000000E+01
 0.1262396E+08, 0.2587428E+05, 0.1000000E+01, 0.1000000E+01
 0.1265331E+08, 0.2593403E+05, 0.1000000E+01, 0.1000000E+01
 0.1268248E+08, 0.2599377E+05, 0.1000000E+01, 0.1000000E+01
 0.1271159E+08, 0.2605347E+05, 0.1000000E+01, 0.1000000E+01
 0.1274077E+08, 0.2611316E+05, 0.1000000E+01, 0.1000000E+01
 0.1276981E+08, 0.2617291E+05, 0.1000000E+01, 0.1000000E+01
 0.1279906E+08, 0.2623266E+05, 0.1000000E+01, 0.1000000E+01
 0.1282830E+08, 0.2629228E+05, 0.1000000E+01, 0.1000000E+01
 0.1285747E+08, 0.2635208E+05, 0.1000000E+01, 0.1000000E+01
 0.1288664E+08, 0.2641186E+05, 0.1000000E+01, 0.1000000E+01
 0.1291596E+08, 0.2647164E+05, 0.1000000E+01, 0.1000000E+01
 0.1294533E+08, 0.2653144E+05, 0.1000000E+01, 0.1000000E+01
 0.1297472E+08, 0.2659122E+05, 0.1000000E+01, 0.1000000E+01
 0.1300390E+08, 0.2665102E+05, 0.1000000E+01, 0.1000000E+01
 0.1303306E+08, 0.2671077E+05, 0.1000000E+01, 0.1000000E+01
 0.1306220E+08, 0.2677056E+05, 0.1000000E+01, 0.1000000E+01
 0.1309132E+08, 0.2683034E+05, 0.1000000E+01, 0.1000000E+01
 0.1312053E+08, 0.2689009E+05, 0.1000000E+01, 0.1000000E+01
 0.1314975E+08, 0.2694986E+05, 0.1000000E+01, 0.1000000E+01
 0.1317903E+08, 0.2700961E+05, 0.1000000E+01, 0.1000000E+01
 0.1320829E+08, 0.2706938E+05, 0.1000000E+01, 0.1000000E+01
 0.1323743E+08, 0.2712912E+05, 0.1000000E+01, 0.1000000E+01
 0.1326653E+08, 0.2718892E+05, 0.1000000E+01, 0.1000000E+01
 0.1329564E+08, 0.2724869E+05, 0.1000000E+01, 0.1000000E+01
 0.1332482E+08, 0.2730847E+05, 0.1000000E+01, 0.1000000E+01
 0.1335395E+08, 0.2736825E+05, 0.1000000E+01, 0.1000000E+01
 0.1338317E+08, 0.2742800E+05, 0.1000000E+01, 0.1000000E+01
 0.1341250E+08, 0.2748775E+05, 0.1000000E+01, 0.1000000E+01
 0.1344166E+08, 0.2754755E+05, 0.1000000E+01, 0.1000000E+01
 0.1347088E+08, 0.2760733E+05, 0.1000000E+01, 0.1000000E+01
 0.1350006E+08, 0.2766706E+05, 0.1000000E+01, 0.1000000E+01
 0.1352927E+08, 0.2772684E+05, 0.1000000E+01, 0.1000000E+01
 0.1355835E+08, 0.2778662E+05, 0.1000000E+01, 0.1000000E+01
 0.1358744E+08, 0.2784639E+05, 0.1000000E+01, 0.1000000E+01
 0.1361672E+08, 0.2790616E+05, 0.1000000E+01, 0.1000000E+01
 0.1364588E+08, 0.2796594E+05, 0.1000000E+01, 0.1000000E+01
 0.1367516E+08, 0.2802572E+05, 0.1000000E+01, 0.1000000E+01
 0.1370426E+08, 0.2808552E+05, 0.1000000E+01, 0.1000000E+01
 0.1373348E+08, 0.2814530E+05, 0.1000000E+01, 0.1000000E+01
 0.1376265E+08, 0.2820508E+05, 0.1000000E+01, 0.1000000E+01
 0.1379185E+08, 0.2826486E+05, 0.1000000E+01, 0.1000000E+01
 0.1382108E+08, 0.2832458E+05, 0.1000000E+01, 0.1000000E+01
 0.1385028E+08, 0.2838433E+05, 0.1000000E+01, 0.1000000E+01
 0.1387962E+08, 0.2844411E+05, 0.1000000E+01, 0.1000000E+01
 0.1390866E+08, 0.2850389E+05, 0.1000000E+01, 0.1000000E+01
 0.1393783E+08, 0.2856367E+05, 0.1000000E+01, 0.1000000E+01
 0.1396705E+08, 0.2862341E+05, 0.1000000E+01, 0.1000000E+01
 0.1399640E+08, 0.2868319E+05, 0.1000000E+01, 0.1000000E+01
 0.1402558E+08, 0.2874297E+05, 0.1000000E+01, 0.1000000E+01
 0.1405474E+08, 0.2880275E+05, 0.1000000E+01, 0.1000000E+01
 0.1408403E+08, 0.2886250E+05, 0.1000000E+01, 0.1000000E+01
 0.1411324E+08, 0.2892225E+05, 0.1000000E+01, 0.1000000E+01
 0.1414238E+08, 0.2898202E+05, 0.1000000E+01, 0.1000000E+01
 0.1417163E+08, 0.2904181E+05, 0.1000000E+01, 0.1000000E+01
 0.1420077E+08, 0.2910159E+05, 0.1000000E+01, 0.1000000E+01
 0.1422992E+08, 0.2916136E+05, 0.1000000E+01, 0.1000000E+01
 0.1425895E+08, 0.2922114E+05, 0.1000000E+01, 0.1000000E+01
 0.1428806E+08, 0.2928091E+05, 0.1000000E+01, 0.1000000E+01
 0.1431736E+08, 0.2934069E+05, 0.1000000E+01, 0.1000000E+01
 0.1434659E+08, 0.2940041E+05, 0.1000000E+01, 0.1000000E+01
 0.1437590E+08, 0.2946016E+05, 0.1000000E+01, 0.1000000E+01
 0.1440501E+08, 0.2951994E+05, 0.1000000E+01, 0.1000000E+01
 0.1443414E+08, 0.2957972E+05, 0.1000000E+01, 0.1000000E+01
 0.1446312E+08, 0.2963944E+05, 0.1000000E+01, 0.1000000E+01
 0.1449245E+08, 0.2969920E+05, 0.1000000E+01, 0.1000000E+01
 0.1452165E+08, 0.2975897E+05, 0.1000000E+01, 0.1000000E+01
 0.1455101E+08, 0.2981877E+05, 0.1000000E+01, 0.1000000E+01
 0.1458003E+08, 0.2987856E+05, 0.1000000E+01, 0.1000000E+01
 0.1460911E+08, 0.2993834E+05, 0.1000000E+01, 0.1000000E+01
 0.1463831E+08, 0.2999808E+05, 0.1000000E+01, 0.1000000E+01
 0.1466757E+08, 0.3005775E+05, 0.1000000E+01, 0.1000000E+01
 0.1469665E+08, 0.3011753E+05, 0.1000000E+01, 0.1000000E+01
 0.1472602E+08, 0.3017730E+05, 0.1000000E+01, 0.1000000E+01
 0.1475510E+08, 0.3023700E+05, 0.1000000E+01, 0.1000000E+01
 0.1478425E+08, 0.3029678E+05, 0.1000000E+01, 0.1000000E+01
 0.1481330E+08, 0.3035656E+05, 0.1000000E+01, 0.1000000E+01
 0.1484240E+08, 0.3041634E+05, 0.1000000E+01, 0.1000000E+01
 0.1487153E+08, 0.3047595E+05, 0.1000000E+01, 0.1000000E+01
 0.1490064E+08, 0.3053567E+05, 0.1000000E+01, 0.1000000E+01
 0.1492985E+08, 0.3059547E+05, 0.1000000E+01, 0.1000000E+01
 0.1495901E+08, 0.3065525E+05, 0.1000000E+01, 0.1000000E+01
 0.1498817E+08, 0.3071505E+05, 0.1000000E+01, 0.1000000E+01
 0.1501746E+08, 0.3077481E+05, 0.1000000E+01, 0.1000000E+01
 0.1504658E+08, 0.3083452E+05, 0.1000000E+01, 0.1000000E+01
 0.1507593E+08, 0.3089425E+05, 0.1000000E+01, 0.1000000E+01
 0.1510515E+08, 0.3095398E+05, 0.1000000E+01, 0.1000000E+01
 0.1513443E+08, 0.3101375E+05, 0.1000000E+01, 0.1000000E+01
 0.1516365E+08, 0.3107347E+05, 0.1000000E+01, 0.1000000E+01
 0.1519305E+08, 0.3113327E+05, 0.1000000E+01, 0.1000000E+01
 0.1522237E+08, 0.3119302E+05, 0.1000000E+01, 0.1000000E+01
 0.1525156E+08, 0.3125277E+05, 0.1000000E+01, 0.1000000E+01
 0.1528081E+08, 0.3131255E+05, 0.1000000E+01, 0.1000000E+01
 0.1530993E+08, 0.3137234E+05, 0.1000000E+01, 0.1000000E+01
 0.1533920E+08, 0.3143208E+05, 0.1000000E+01, 0.1000000E+01
 0.1536846E+08, 0.3149188E+05, 0.1000000E+01, 0.1000000E+01
 0.1539762E+08, 0.3155166E+05, 0.1000000E+01, 0.1000000E+01
 0.1542692E+08, 0.3161145E+05, 0.1000000E+01, 0.1000000E+01
 0.1545612E+08, 0.3167114E+05, 0.1000000E+01, 0.1000000E+01
 0.1548545E+08, 0.3173091E+05, 0.1000000E+01, 0.1000000E+01
 0.1551450E+08, 0.3179069E+05, 0.1000000E+01, 0.1000000E+01
 0.1554369E+08, 0.3185047E+05, 0.1000000E+01, 0.1000000E+01
 0.1557276E+08, 0.3191027E+05, 0.1000000E+01, 0.1000000E+01
 0.1560190E+08, 0.3197003E+05, 0.1000000E+01, 0.1000000E+01
 0.1563096E+08, 0.3202980E+05, 0.1000000E+01, 0.1000000E+01
 0.1566024E+08, 0.3208956E+05, 0.1000000E+01, 0.1000000E+01
 0.1568940E+08, 0.3214934E+05, 0.1000000E+01, 0.1000000E+01
 0.1571856E+08, 0.3220905E+05, 0.1000000E+01, 0.1000000E+01
 0.1574767E+08, 0.3226881E+05, 0.1000000E+01, 0.1000000E+01
 0.1577672E+08, 0.3232859E+05, 0.1000000E+01, 0.1000000E+01
 0.1580606E+08, 0.3238839E+05, 0.1000000E+01, 0.1000000E+01
 0.1583527E+08, 0.3244817E+05, 0.1000000E+01, 0.1000000E+01
 0.1586444E+08, 0.3250791E+05, 0.1000000E+01, 0.1000000E+01
 0.1589362E+08, 0.3256766E+05, 0.1000000E+01, 0.1000000E+01
 0.1592280E+08, 0.3262744E+05, 0.1000000E+01, 0.1000000E+01
 0.1595196E+08, 0.3268720E+05, 0.1000000E+01, 0.1000000E+01
 0.1598112E+08, 0.3274698E+05, 0.1000000E+01, 0.1000000E+01
 0.1601024E+08, 0.3280670E+05, 0.1000000E+01, 0.1000000E+01
 0.1603933E+08, 0.3286639E+05, 0.1000000E+01, 0.1000000E+01
 0.1606857E+08, 0.3292619E+05, 0.1000000E+01, 0.1000000E+01
 0.1609790E+08, 0.3298595E+05, 0.1000000E+01, 0.1000000E+01
 0.1612711E+08, 0.3304573E+05, 0.1000000E+01, 0.1000000E+01
 0.1615627E+08, 0.3310552E+05, 0.1000000E+01, 0.1000000E+01
 0.1618541E+08, 0.3316530E+05, 0.1000000E+01, 0.1000000E+01
 0.1621463E+08, 0.3322508E+05, 0.1000000E+01, 0.1000000E+01
 0.1624378E+08, 0.3328481E+05, 0.1000000E+01, 0.1000000E+01
 0.1627279E+08, 0.3334456E+05, 0.1000000E+01, 0.1000000E+01
 0.1630187E+08, 0.3340427E+05, 0.1000000E+01, 0.1000000E+01
 0.1633100E+08, 0.3346398E+05, 0.1000000E+01, 0.1000000E+01
 0.1636021E+08, 0.3352375E+05, 0.1000000E+01, 0.1000000E+01
 0.1638945E+08, 0.3358355E+05, 0.1000000E+01, 0.1000000E+01
 0.1641857E+08, 0.3364328E+05, 0.1000000E+01, 0.1000000E+01
 0.1644744E+08, 0.3370280E+05, 0.1000000E+01, 0.1000000E+01
 0.1647659E+08, 0.3376247E+05, 0.1000000E+01, 0.1000000E+01
 0.1650595E+08, 0.3382212E+05, 0.1000000E+01, 0.1000000E+01
 0.1653507E+08, 0.3388191E+05, 0.1000000E+01, 0.1000000E+01
 0.1656425E+08, 0.3394169E+05, 0.1000000E+01, 0.1000000E+01
 0.1659346E+08, 0.3400141E+05, 0.1000000E+01, 0.1000000E+01
 0.1662268E+08, 0.3406119E+05, 0.1000000E+01, 0.1000000E+01
 0.1665183E+08, 0.3412095E+05, 0.1000000E+01, 0.1000000E+01
 0.1668096E+08, 0.3418075E+05, 0.1000000E+01, 0.1000000E+01
 0.1671028E+08, 0.3424053E+05, 0.1000000E+01, 0.1000000E+01
 0.1673944E+08, 0.3430033E+05, 0.1000000E+01, 0.1000000E+01
 0.1676866E+08, 0.3436011E+05, 0.1000000E+01, 0.1000000E+01
 0.1679794E+08, 0.3441989E+05, 0.1000000E+01, 0.1000000E+01
 0.1682708E+08, 0.3447969E+05, 0.1000000E+01, 0.1000000E+01
 0.1685630E+08, 0.3453947E+05, 0.1000000E+01, 0.1000000E+01
 0.1688556E+08, 0.3459908E+05, 0.1000000E+01, 0.1000000E+01
 0.1691480E+08, 0.3465884E+05, 0.1000000E+01, 0.1000000E+01
 0.1694393E+08, 0.3471855E+05, 0.1000000E+01, 0.1000000E+01
 0.1697310E+08, 0.3477831E+05, 0.1000000E+01, 0.1000000E+01
 0.1700227E+08, 0.3483809E+05, 0.1000000E+01, 0.1000000E+01
 0.1703141E+08, 0.3489783E+05, 0.1000000E+01, 0.1000000E+01
 0.1706051E+08, 0.3495756E+05, 0.1000000E+01, 0.1000000E+01
 0.1708971E+08, 0.3501736E+05, 0.1000000E+01, 0.1000000E+01
 0.1711886E+08, 0.3507712E+05, 0.1000000E+01, 0.1000000E+01
 0.1714808E+08, 0.3513692E+05, 0.1000000E+01, 0.1000000E+01
 0.1717732E+08, 0.3519670E+05, 0.1000000E+01, 0.1000000E+01
 0.1720644E+08, 0.3525645E+05, 0.1000000E+01, 0.1000000E+01
 0.1723564E+08, 0.3531623E+05, 0.1000000E+01, 0.1000000E+01
 0.1726468E+08, 0.3537603E+05, 0.1000000E+01, 0.1000000E+01
 0.1729385E+08, 0.3543578E+05, 0.1000000E+01, 0.1000000E+01
 0.1732268E+08, 0.3549545E+05, 0.1000000E+01, 0.1000000E+01
 0.1735142E+08, 0.3555522E+05, 0.1000000E+01, 0.1000000E+01
 0.1738013E+08, 0.3561489E+05, 0.1000000E+01, 0.1000000E+01
 0.1740884E+08, 0.3567458E+05, 0.1000000E+01, 0.1000000E+01
 0.1743758E+08, 0.3573430E+05, 0.1000000E+01, 0.1000000E+01
 0.1746653E+08, 0.3579403E+05, 0.1000000E+01, 0.1000000E+01
 0.1749555E+08, 0.3585380E+05, 0.1000000E+01, 0.1000000E+01
 0.1752335E+08, 0.3591308E+05, 0.1000000E+01, 0.1000000E+01
 0.1755207E+08, 0.3597277E+05, 0.1000000E+01, 0.1000000E+01
 0.1758120E+08, 0.3603256E+05, 0.1000000E+01, 0.1000000E+01
 0.1761036E+08, 0.3609234E+05, 0.1000000E+01, 0.1000000E+01
 0.1763957E+08, 0.3615212E+05, 0.1000000E+01, 0.1000000E+01
 0.1766890E+08, 0.3621188E+05, 0.1000000E+01, 0.1000000E+01
 0.1769799E+08, 0.3627164E+05, 0.1000000E+01, 0.1000000E+01
 0.1772710E+08, 0.3633142E+05, 0.1000000E+01, 0.1000000E+01
 0.1775612E+08, 0.3639109E+05, 0.1000000E+01, 0.1000000E+01
 0.1778493E+08, 0.3645088E+05, 0.1000000E+01, 0.1000000E+01
 0.1781432E+08, 0.3651064E+05, 0.1000000E+01, 0.1000000E+01
 0.1784358E+08, 0.3657042E+05, 0.1000000E+01, 0.1000000E+01
 0.1787274E+08, 0.3663019E+05, 0.1000000E+01, 0.1000000E+01
 0.1790193E+08, 0.3668995E+05, 0.1000000E+01, 0.1000000E+01
 0.1793111E+08, 0.3674972E+05, 0.1000000E+01, 0.1000000E+01
 0.1796026E+08, 0.3680952E+05, 0.1000000E+01, 0.1000000E+01
 0.1798947E+08, 0.3686927E+05, 0.1000000E+01, 0.1000000E+01
 0.1801860E+08, 0.3692905E+05, 0.1000000E+01, 0.1000000E+01
 0.1804783E+08, 0.3698881E+05, 0.1000000E+01, 0.1000000E+01
 0.1807705E+08, 0.3704856E+05, 0.1000000E+01, 0.1000000E+01
 0.1810615E+08, 0.3710833E+05, 0.1000000E+01, 0.1000000E+01
 0.1813558E+08, 0.3716808E+05, 0.1000000E+01, 0.1000000E+01
 0.1816481E+08, 0.3722788E+05, 0.1000000E+01, 0.1000000E+01
 0.1819389E+08, 0.3728764E+05, 0.1000000E+01, 0.1000000E+01
 0.1822313E+08, 0.3734742E+05, 0.1000000E+01, 0.1000000E+01
 0.1825224E+08, 0.3740720E+05, 0.1000000E+01, 0.1000000E+01
 0.1828140E+08, 0.3746700E+05, 0.1000000E+01, 0.1000000E+01
 0.1831058E+08, 0.3752677E+05, 0.1000000E+01, 0.1000000E+01
 0.1833975E+08, 0.3758656E+05, 0.1000000E+01, 0.1000000E+01
 0.1836882E+08, 0.3764634E+05, 0.1000000E+01, 0.1000000E+01
 0.1839801E+08, 0.3770614E+05, 0.1000000E+01, 0.1000000E+01
 0.1842740E+08, 0.3776592E+05, 0.1000000E+01, 0.1000000E+01
 0.1845652E+08, 0.3782570E+05, 0.1000000E+01, 0.1000000E+01
 0.1848574E+08, 0.3788550E+05, 0.1000000E+01, 0.1000000E+01
 0.1851504E+08, 0.3794527E+05, 0.1000000E+01, 0.1000000E+01
 0.1854424E+08, 0.3800502E+05, 0.1000000E+01, 0.1000000E+01
 0.1857343E+08, 0.3806481E+05, 0.1000000E+01, 0.1000000E+01
 0.1860258E+08, 0.3812459E+05, 0.1000000E+01, 0.1000000E+01
 0.1863170E+08, 0.3818439E+05, 0.1000000E+01, 0.1000000E+01
 0.1866084E+08, 0.3824416E+05, 0.1000000E+01, 0.1000000E+01
 0.1869011E+08, 0.3830394E+05, 0.1000000E+01, 0.1000000E+01
 0.1871936E+08, 0.3836369E+05, 0.1000000E+01, 0.1000000E+01
 0.1874853E+08, 0.3842336E+05, 0.1000000E+01, 0.1000000E+01
 0.1877773E+08, 0.3848314E+05, 0.1000000E+01, 0.1000000E+01
 0.1880676E+08, 0.3854281E+05, 0.1000000E+01, 0.1000000E+01
 0.1883598E+08, 0.3860259E+05, 0.1000000E+01, 0.1000000E+01
 0.1886532E+08, 0.3866236E+05, 0.1000000E+01, 0.1000000E+01
 0.1889465E+08, 0.3872208E+05, 0.1000000E+01, 0.1000000E+01
 0.1892392E+08, 0.3878180E+05, 0.1000000E+01, 0.1000000E+01
 0.1895297E+08, 0.3884159E+05, 0.1000000E+01, 0.1000000E+01
 0.1898236E+08, 0.3890136E+05, 0.1000000E+01, 0.1000000E+01
 0.1901156E+08, 0.3896116E+05, 0.1000000E+01, 0.1000000E+01
 0.1904101E+08, 0.3902091E+05, 0.1000000E+01, 0.1000000E+01
 0.1907022E+08, 0.3908062E+05, 0.1000000E+01, 0.1000000E+01
 0.1909956E+08, 0.3914042E+05, 0.1000000E+01, 0.1000000E+01
 0.1912884E+08, 0.3920020E+05, 0.1000000E+01, 0.1000000E+01
 0.1915827E+08, 0.3925998E+05, 0.1000000E+01, 0.1000000E+01
 0.1918770E+08, 0.3931977E+05, 0.1000000E+01, 0.1000000E+01
 0.1921705E+08, 0.3937956E+05, 0.1000000E+01, 0.1000000E+01
 0.1924634E+08, 0.3943923E+05, 0.1000000E+01, 0.1000000E+01
 0.1927563E+08, 0.3949897E+05, 0.1000000E+01, 0.1000000E+01
 0.1930501E+08, 0.3955870E+05, 0.1000000E+01, 0.1000000E+01
 0.1933424E+08, 0.3961848E+05, 0.1000000E+01, 0.1000000E+01
 0.1936348E+08, 0.3967822E+05, 0.1000000E+01, 0.1000000E+01
 0.1939273E+08, 0.3973797E+05, 0.1000000E+01, 0.1000000E+01
 0.1942184E+08, 0.3979775E+05, 0.1000000E+01, 0.1000000E+01
 0.1945080E+08, 0.3985753E+05, 0.1000000E+01, 0.1000000E+01
 0.1947989E+08, 0.3991727E+05, 0.1000000E+01, 0.1000000E+01
 0.1950910E+08, 0.3997697E+05, 0.1000000E+01, 0.1000000E+01
 0.1953816E+08, 0.4003673E+05, 0.1000000E+01, 0.1000000E+01
 0.1956763E+08, 0.4009652E+05, 0.1000000E+01, 0.1000000E+01
 0.1959688E+08, 0.4015630E+05, 0.1000000E+01, 0.1000000E+01
 0.1962626E+08, 0.4021600E+05, 0.1000000E+01, 0.1000000E+01
 0.1965553E+08, 0.4027580E+05, 0.1000000E+01, 0.1000000E+01
 0.1968476E+08, 0.4033555E+05, 0.1000000E+01, 0.1000000E+01
 0.1971400E+08, 0.4039533E+05, 0.1000000E+01, 0.1000000E+01
 0.1974332E+08, 0.4045509E+05, 0.1000000E+01, 0.1000000E+01
 0.1977271E+08, 0.4051488E+05, 0.1000000E+01, 0.1000000E+01
 0.1980205E+08, 0.4057467E+05, 0.1000000E+01, 0.1000000E+01
 0.1983136E+08, 0.4063441E+05, 0.1000000E+01, 0.1000000E+01
 0.1986074E+08, 0.4069419E+05, 0.1000000E+01, 0.1000000E+01
 0.1989004E+08, 0.4075395E+05, 0.1000000E+01, 0.1000000E+01
 0.1991916E+08, 0.4081375E+05, 0.1000000E+01, 0.1000000E+01
 0.1994839E+08, 0.4087347E+05, 0.1000000E+01, 0.1000000E+01
 0.1997776E+08, 0.4093325E+05, 0.1000000E+01, 0.1000000E+01
 0.2000700E+08, 0.4099302E+05, 0.1000000E+01, 0.1000000E+01
 0.2003628E+08, 0.4105272E+05, 0.1000000E+01, 0.1000000E+01
 0.2006547E+08, 0.4111244E+05, 0.1000000E+01, 0.1000000E+01
 0.2009467E+08, 0.4117219E+05, 0.1000000E+01, 0.1000000E+01
 0.2012383E+08, 0.4123197E+05, 0.1000000E+01, 0.1000000E+01
 0.2015290E+08, 0.4129162E+05, 0.1000000E+01, 0.1000000E+01
 0.2018201E+08, 0.4135141E+05, 0.1000000E+01, 0.1000000E+01
 0.2021120E+08, 0.4141116E+05, 0.1000000E+01, 0.1000000E+01
 0.2024051E+08, 0.4147084E+05, 0.1000000E+01, 0.1000000E+01
 0.2026990E+08, 0.4153061E+05, 0.1000000E+01, 0.1000000E+01
 0.2029907E+08, 0.4159031E+05, 0.1000000E+01, 0.1000000E+01
 0.2032825E+08, 0.4165008E+05, 0.1000000E+01, 0.1000000E+01
 0.2035733E+08, 0.4170984E+05, 0.1000000E+01, 0.1000000E+01
 0.2038636E+08, 0.4176958E+05, 0.1000000E+01, 0.1000000E+01
 0.2041546E+08, 0.4182938E+05, 0.1000000E+01, 0.1000000E+01
 0.2044468E+08, 0.4188912E+05, 0.1000000E+01, 0.1000000E+01
 0.2047385E+08, 0.4194892E+05, 0.1000000E+01, 0.1000000E+01
 0.2050307E+08, 0.4200869E+05, 0.1000000E+01, 0.1000000E+01
 0.2053233E+08, 0.4206848E+05, 0.1000000E+01, 0.1000000E+01
 0.2056163E+08, 0.4212822E+05, 0.1000000E+01, 0.1000000E+01
 0.2059094E+08, 0.4218794E+05, 0.1000000E+01, 0.1000000E+01
 0.2062015E+08, 0.4224770E+05, 0.1000000E+01, 0.1000000E+01
 0.2064942E+08, 0.4230748E+05, 0.1000000E+01, 0.1000000E+01
 0.2067856E+08, 0.4236722E+05, 0.1000000E+01, 0.1000000E+01
 0.2070776E+08, 0.4242702E+05, 0.1000000E+01, 0.1000000E+01
 0.2073703E+08, 0.4248681E+05, 0.1000000E+01, 0.1000000E+01
 0.2076618E+08, 0.4254658E+05, 0.1000000E+01, 0.1000000E+01
 0.2079552E+08, 0.4260638E+05, 0.1000000E+01, 0.1000000E+01
 0.2082483E+08, 0.4266616E+05, 0.1000000E+01, 0.1000000E+01
 0.2085404E+08, 0.4272592E+05, 0.1000000E+01, 0.1000000E+01
 0.2088320E+08, 0.4278570E+05, 0.1000000E+01, 0.1000000E+01
 0.2091247E+08, 0.4284550E+05, 0.1000000E+01, 0.1000000E+01
 0.2094152E+08, 0.4290523E+05, 0.1000000E+01, 0.1000000E+01
 0.2097076E+08, 0.4296495E+05, 0.1000000E+01, 0.1000000E+01
